[debug] [2020-05-08T11:53:55.701Z] ----------------------------------------------------------------------
[debug] [2020-05-08T11:53:55.709Z] Command:       C:\Program Files\nodejs\node.exe C:\Users\SHEHRY\AppData\Roaming\npm\node_modules\firebase-tools\lib\bin\firebase.js init
[debug] [2020-05-08T11:53:55.710Z] CLI Version:   8.2.0
[debug] [2020-05-08T11:53:55.710Z] Platform:      win32
[debug] [2020-05-08T11:53:55.711Z] Node Version:  v12.16.2
[debug] [2020-05-08T11:53:55.715Z] Time:          Fri May 08 2020 16:53:55 GMT+0500 (Pakistan Standard Time)
[debug] [2020-05-08T11:53:55.716Z] ----------------------------------------------------------------------
[debug] [2020-05-08T11:53:55.716Z] 
[debug] [2020-05-08T11:53:55.746Z] > command requires scopes: ["email","openid","https://www.googleapis.com/auth/cloudplatformprojects.readonly","https://www.googleapis.com/auth/firebase","https://www.googleapis.com/auth/cloud-platform"]
[debug] [2020-05-08T11:53:55.750Z] > authorizing via signed-in user
[info] 
     ######## #### ########  ######## ########     ###     ######  ########
     ##        ##  ##     ## ##       ##     ##  ##   ##  ##       ##
     ######    ##  ########  ######   ########  #########  ######  ######
     ##        ##  ##    ##  ##       ##     ## ##     ##       ## ##
     ##       #### ##     ## ######## ########  ##     ##  ######  ########

You're about to initialize a Firebase project in this directory:

  C:\Users\SHEHRY\Desktop\Web And App Development Course\Assignment 3

[info] 
=== Project Setup
[info] 
[info] First, let's associate this project directory with a Firebase project.
[info] You can create multiple project aliases by running firebase use --add, 
[info] but for now we'll just set up a default project.
[info] 
[debug] [2020-05-08T11:54:06.851Z] >>> HTTP REQUEST GET https://firebase.googleapis.com/v1beta1/projects?pageSize=100  
 
[debug] [2020-05-08T11:54:07.449Z] <<< HTTP RESPONSE 200 {"content-type":"application/json; charset=UTF-8","vary":"X-Origin, Referer, Origin,Accept-Encoding","date":"Fri, 08 May 2020 11:54:03 GMT","server":"ESF","cache-control":"private","x-xss-protection":"0","x-frame-options":"SAMEORIGIN","x-content-type-options":"nosniff","alt-svc":"h3-27=\":443\"; ma=2592000,h3-25=\":443\"; ma=2592000,h3-Q050=\":443\"; ma=2592000,h3-Q049=\":443\"; ma=2592000,h3-Q048=\":443\"; ma=2592000,h3-Q046=\":443\"; ma=2592000,h3-Q043=\":443\"; ma=2592000,quic=\":443\"; ma=2592000; v=\"46,43\"","accept-ranges":"none","transfer-encoding":"chunked"}
[info] i  Using project saylaniwebsite-99144 (SaylaniWebsite)
[info] 
=== Hosting Setup
[info] 
[info] Your public directory is the folder (relative to your project directory) that
[info] will contain Hosting assets to be uploaded with firebase deploy. If you
[info] have a build process for your assets, use your build's output directory.
[info] 
[debug] [2020-05-08T11:55:10.979Z] >>> HTTP REQUEST GET https://www.gstatic.com/firebasejs/releases.json  
 
[debug] [2020-05-08T11:55:11.233Z] <<< HTTP RESPONSE 200 {"accept-ranges":"bytes","vary":"Accept-Encoding, Origin","content-type":"application/json","content-length":"1429","date":"Fri, 08 May 2020 11:12:52 GMT","expires":"Fri, 08 May 2020 12:02:52 GMT","last-modified":"Fri, 08 May 2020 00:11:13 GMT","x-content-type-options":"nosniff","server":"sffe","x-xss-protection":"0","cache-control":"public, max-age=3000","age":"2535","alt-svc":"h3-27=\":443\"; ma=2592000,h3-25=\":443\"; ma=2592000,h3-Q050=\":443\"; ma=2592000,h3-Q049=\":443\"; ma=2592000,h3-Q048=\":443\"; ma=2592000,h3-Q046=\":443\"; ma=2592000,h3-Q043=\":443\"; ma=2592000,quic=\":443\"; ma=2592000; v=\"46,43\""}
[info] +  Wrote public/index.html
[info] 
[info] i  Writing configuration info to firebase.json...
[info] i  Writing project information to .firebaserc...
[info] i  Writing gitignore file to .gitignore...
[info] 
[info] +  Firebase initialization complete!
